<?xml version="1.0" encoding="UTF-8"?>
<!-- Generated by org.testng.reporters.JUnitReportReporter -->
<testsuite hostname="DESKTOP-0F5VV90" failures="0" tests="1" name="maven.project.SearchProduct1" time="9.508" errors="0" timestamp="2025-05-29T09:24:41 IST" skipped="0">
  <testcase classname="maven.project.SearchProduct1" name="product" time="9.508"/>
</testsuite> <!-- maven.project.SearchProduct1 -->
