<?xml version="1.0" encoding="UTF-8"?>
<!-- Generated by org.testng.reporters.JUnitReportReporter -->
<testsuite hostname="DESKTOP-0F5VV90" failures="0" tests="1" name="maven.project.gmail" time="9.787" errors="0" timestamp="2025-05-09T19:02:03 IST" skipped="0">
  <testcase classname="maven.project.gmail" name="test" time="9.787"/>
</testsuite> <!-- maven.project.gmail -->
