<?xml version="1.0" encoding="UTF-8"?>
<!-- Generated by org.testng.reporters.JUnitReportReporter -->
<testsuite hostname="DESKTOP-0F5VV90" failures="0" tests="1" name="maven.project.Registerpage" time="1.922" errors="0" timestamp="2025-05-28T08:21:34 IST" skipped="0">
  <testcase classname="maven.project.Registerpage" name="login" time="1.922"/>
</testsuite> <!-- maven.project.Registerpage -->
